  game.c
..\..\..\..\..\git\gameframework2d-master\src\game.c(152): warning C4305: '+=': truncation from 'double' to 'float'
..\..\..\..\..\git\gameframework2d-master\src\game.c(73): warning C4101: 'm': unreferenced local variable
..\..\..\..\..\git\gameframework2d-master\src\game.c(60): warning C4101: 'ouch': unreferenced local variable
..\..\..\..\..\git\gameframework2d-master\src\game.c(63): warning C4101: 'ray': unreferenced local variable
..\..\..\..\..\git\gameframework2d-master\src\game.c(55): warning C4101: 'map': unreferenced local variable
..\..\..\..\..\git\gameframework2d-master\src\game.c(66): warning C4101: 'testingWindow': unreferenced local variable
..\..\..\..\..\git\gameframework2d-master\src\game.c(64): warning C4101: 'rayGoal': unreferenced local variable
..\..\..\..\..\git\gameframework2d-master\src\game.c(71): warning C4101: 'j': unreferenced local variable
..\..\..\..\..\git\gameframework2d-master\src\game.c(72): warning C4101: 't': unreferenced local variable
..\..\..\..\..\git\gameframework2d-master\src\game.c(62): warning C4101: 'hit': unreferenced local variable
..\..\..\..\..\git\gameframework2d-master\src\game.c(68): warning C4101: 'widget': unreferenced local variable
..\..\..\..\..\git\gameframework2d-master\src\game.c(67): warning C4101: 'button': unreferenced local variable
..\..\..\..\..\git\gameframework2d-master\src\game.c(58): warning C4101: 'prefab': unreferenced local variable
..\..\..\..\..\git\gameframework2d-master\src\game.c(57): warning C4101: 'player': unreferenced local variable
  Generating code
c:\users\brando\documents\visual studio 2015\projects\2dgamedev4\2dgamedev4\src\config_loader.c(154): warning C4715: 'config_loader_entities_init_count_incoming': not all control paths return a value
c:\users\brando\documents\visual studio 2015\projects\2dgamedev4\2dgamedev4\src\hashmap.c(101): warning C4715: 'hashmap_expand': not all control paths return a value
  All 249 functions were compiled because no usable IPDB/IOBJ from previous compilation was found.
  Finished generating code
  2DGameDev4.vcxproj -> C:\Users\Brando\Documents\Visual Studio 2015\Projects\2DGameDev4\Release\2DGameDev4.exe
