  entity.c
c:\users\brando\documents\visual studio 2015\projects\2dgamedev4\2dgamedev4\src\entity.c(22): warning C4018: '<': signed/unsigned mismatch
c:\users\brando\documents\visual studio 2015\projects\2dgamedev4\2dgamedev4\src\entity.c(63): warning C4244: '=': conversion from 'double' to 'float', possible loss of data
c:\users\brando\documents\visual studio 2015\projects\2dgamedev4\2dgamedev4\src\entity.c(64): warning C4244: '=': conversion from 'double' to 'float', possible loss of data
c:\users\brando\documents\visual studio 2015\projects\2dgamedev4\2dgamedev4\src\entity.c(67): warning C4244: '=': conversion from 'double' to 'float', possible loss of data
c:\users\brando\documents\visual studio 2015\projects\2dgamedev4\2dgamedev4\src\entity.c(70): warning C4244: '=': conversion from 'double' to 'float', possible loss of data
c:\users\brando\documents\visual studio 2015\projects\2dgamedev4\2dgamedev4\src\entity.c(122): warning C4244: 'function': conversion from 'double' to 'float', possible loss of data
c:\users\brando\documents\visual studio 2015\projects\2dgamedev4\2dgamedev4\src\entity.c(155): warning C4018: '<': signed/unsigned mismatch
c:\users\brando\documents\visual studio 2015\projects\2dgamedev4\2dgamedev4\src\entity.c(188): warning C4305: 'function': truncation from 'double' to 'float'
c:\users\brando\documents\visual studio 2015\projects\2dgamedev4\2dgamedev4\src\entity.c(200): warning C4305: 'function': truncation from 'double' to 'float'
c:\users\brando\documents\visual studio 2015\projects\2dgamedev4\2dgamedev4\src\entity.c(241): warning C4244: 'function': conversion from 'double' to 'float', possible loss of data
c:\users\brando\documents\visual studio 2015\projects\2dgamedev4\2dgamedev4\src\entity.c(260): warning C4244: 'function': conversion from 'double' to 'Sint16', possible loss of data
c:\users\brando\documents\visual studio 2015\projects\2dgamedev4\2dgamedev4\src\entity.c(261): warning C4244: 'function': conversion from 'float' to 'Sint16', possible loss of data
c:\users\brando\documents\visual studio 2015\projects\2dgamedev4\2dgamedev4\src\entity.c(262): warning C4244: 'function': conversion from 'float' to 'Sint16', possible loss of data
c:\users\brando\documents\visual studio 2015\projects\2dgamedev4\2dgamedev4\src\entity.c(263): warning C4244: 'function': conversion from 'float' to 'Sint16', possible loss of data
c:\users\brando\documents\visual studio 2015\projects\2dgamedev4\2dgamedev4\src\entity.c(269): warning C4244: 'function': conversion from 'double' to 'Sint16', possible loss of data
c:\users\brando\documents\visual studio 2015\projects\2dgamedev4\2dgamedev4\src\entity.c(271): warning C4244: 'function': conversion from 'double' to 'Sint16', possible loss of data
c:\users\brando\documents\visual studio 2015\projects\2dgamedev4\2dgamedev4\src\entity.c(289): warning C4244: 'function': conversion from 'double' to 'Sint16', possible loss of data
c:\users\brando\documents\visual studio 2015\projects\2dgamedev4\2dgamedev4\src\entity.c(290): warning C4244: 'function': conversion from 'float' to 'Sint16', possible loss of data
c:\users\brando\documents\visual studio 2015\projects\2dgamedev4\2dgamedev4\src\entity.c(291): warning C4244: 'function': conversion from 'float' to 'Sint16', possible loss of data
c:\users\brando\documents\visual studio 2015\projects\2dgamedev4\2dgamedev4\src\entity.c(292): warning C4244: 'function': conversion from 'float' to 'Sint16', possible loss of data
c:\users\brando\documents\visual studio 2015\projects\2dgamedev4\2dgamedev4\src\entity.c(298): warning C4244: 'function': conversion from 'double' to 'Sint16', possible loss of data
c:\users\brando\documents\visual studio 2015\projects\2dgamedev4\2dgamedev4\src\entity.c(299): warning C4244: 'function': conversion from 'float' to 'Sint16', possible loss of data
c:\users\brando\documents\visual studio 2015\projects\2dgamedev4\2dgamedev4\src\entity.c(300): warning C4244: 'function': conversion from 'float' to 'Sint16', possible loss of data
c:\users\brando\documents\visual studio 2015\projects\2dgamedev4\2dgamedev4\src\entity.c(301): warning C4244: 'function': conversion from 'float' to 'Sint16', possible loss of data
c:\users\brando\documents\visual studio 2015\projects\2dgamedev4\2dgamedev4\src\entity.c(311): warning C4244: 'function': conversion from 'double' to 'Sint16', possible loss of data
c:\users\brando\documents\visual studio 2015\projects\2dgamedev4\2dgamedev4\src\entity.c(108): warning C4101: 'fovcompare': unreferenced local variable
c:\users\brando\documents\visual studio 2015\projects\2dgamedev4\2dgamedev4\src\entity.c(116): warning C4101: 'k2': unreferenced local variable
c:\users\brando\documents\visual studio 2015\projects\2dgamedev4\2dgamedev4\src\entity.c(116): warning C4101: 'k1': unreferenced local variable
c:\users\brando\documents\visual studio 2015\projects\2dgamedev4\2dgamedev4\src\entity.c(116): warning C4101: 'k3': unreferenced local variable
c:\users\brando\documents\visual studio 2015\projects\2dgamedev4\2dgamedev4\src\entity.c(114): warning C4101: 'circleToLine': unreferenced local variable
c:\users\brando\documents\visual studio 2015\projects\2dgamedev4\2dgamedev4\src\entity.c(376): warning C4018: '<': signed/unsigned mismatch
c:\users\brando\documents\visual studio 2015\projects\2dgamedev4\2dgamedev4\src\entity.c(439): warning C4113: 'void (__cdecl *)()' differs in parameter lists from 'void (__cdecl *)(void)'
c:\users\brando\documents\visual studio 2015\projects\2dgamedev4\2dgamedev4\src\entity.c(427): warning C4101: 'i': unreferenced local variable
c:\users\brando\documents\visual studio 2015\projects\2dgamedev4\2dgamedev4\src\entity.c(446): warning C4018: '<': signed/unsigned mismatch
c:\users\brando\documents\visual studio 2015\projects\2dgamedev4\2dgamedev4\src\entity.c(476): warning C4018: '<': signed/unsigned mismatch
c:\users\brando\documents\visual studio 2015\projects\2dgamedev4\2dgamedev4\src\entity.c(498): warning C4305: '+=': truncation from 'double' to 'float'
c:\users\brando\documents\visual studio 2015\projects\2dgamedev4\2dgamedev4\src\entity.c(525): warning C4018: '<': signed/unsigned mismatch
  2DGameDev4.vcxproj -> C:\Users\Brando\Documents\Visual Studio 2015\Projects\2DGameDev4\Debug\2DGameDev4.exe
